I, [2014-12-16T15:17:10.599094 #12168]  INFO -- : Cleared interactions before example ""
I, [2014-12-16T15:17:10.605674 #12168]  INFO -- : Registered expected interaction GET /sayHello
D, [2014-12-16T15:17:10.605981 #12168] DEBUG -- : {
  "description": "a request for hello",
  "provider_state": "",
  "request": {
    "method": "get",
    "path": "/sayHello"
  },
  "response": {
    "status": 200,
    "headers": {
      "Content-Type": "application/json"
    },
    "body": {
      "reply": "Hello"
    }
  }
}
I, [2014-12-16T15:17:10.613431 #12168]  INFO -- : Received request GET /sayHello
D, [2014-12-16T15:17:10.613632 #12168] DEBUG -- : {
  "method": "get",
  "path": "/sayHello",
  "query": "",
  "headers": {
    "Host": "localhost:1234",
    "Connection": "keep-alive",
    "User-Agent": "Mozilla/5.0 (Macintosh; Intel Mac OS X 10_9_2) AppleWebKit/537.36 (KHTML, like Gecko) Chrome/39.0.2171.95 Safari/537.36",
    "Accept": "*/*",
    "Referer": "http://localhost:9876/context.html",
    "Accept-Encoding": "gzip, deflate, sdch",
    "Accept-Language": "en-US,en;q=0.8",
    "Version": "HTTP/1.1"
  }
}
I, [2014-12-16T15:17:10.613900 #12168]  INFO -- : Found matching response for GET /sayHello
D, [2014-12-16T15:17:10.614055 #12168] DEBUG -- : {
  "status": 200,
  "headers": {
    "Content-Type": "application/json"
  },
  "body": {
    "reply": "Hello"
  }
}
I, [2014-12-16T15:17:10.624135 #12168]  INFO -- : Verifying - interactions matched for example ""
I, [2014-12-16T15:17:10.635590 #12168]  INFO -- : Cleared interactions before example ""
I, [2014-12-16T15:17:10.642515 #12168]  INFO -- : Registered expected interaction PUT /unfriendMe
D, [2014-12-16T15:17:10.642744 #12168] DEBUG -- : {
  "description": "a request to unfriend",
  "provider_state": "I am friends with Fred",
  "request": {
    "method": "put",
    "path": "/unfriendMe"
  },
  "response": {
    "status": 200,
    "headers": {
      "Content-Type": "application/json"
    },
    "body": {
      "reply": "Bye"
    }
  }
}
I, [2014-12-16T15:17:10.652259 #12168]  INFO -- : Received request PUT /unfriendMe
D, [2014-12-16T15:17:10.652546 #12168] DEBUG -- : {
  "method": "put",
  "path": "/unfriendMe",
  "query": "",
  "headers": {
    "Host": "localhost:1234",
    "Connection": "keep-alive",
    "User-Agent": "Mozilla/5.0 (Macintosh; Intel Mac OS X 10_9_2) AppleWebKit/537.36 (KHTML, like Gecko) Chrome/39.0.2171.95 Safari/537.36",
    "Origin": "http://localhost:9876",
    "Accept": "*/*",
    "Referer": "http://localhost:9876/context.html",
    "Accept-Encoding": "gzip, deflate, sdch",
    "Accept-Language": "en-US,en;q=0.8",
    "Version": "HTTP/1.1"
  }
}
I, [2014-12-16T15:17:10.652776 #12168]  INFO -- : Found matching response for PUT /unfriendMe
D, [2014-12-16T15:17:10.652924 #12168] DEBUG -- : {
  "status": 200,
  "headers": {
    "Content-Type": "application/json"
  },
  "body": {
    "reply": "Bye"
  }
}
I, [2014-12-16T15:17:10.660628 #12168]  INFO -- : Verifying - interactions matched for example ""
